<?xml version="1.0" encoding="UTF-8"?>
<testng-results skipped="0" failed="0" ignored="0" total="3" passed="3">
  <reporter-output>
  </reporter-output>
  <suite name="Suite-Demo-PageObjectModel" duration-ms="24333" started-at="2019-06-29T12:28:43Z" finished-at="2019-06-29T12:29:07Z">
    <groups>
    </groups>
    <test name="IETest" duration-ms="16808" started-at="2019-06-29T12:28:43Z" finished-at="2019-06-29T12:28:59Z">
      <class name="testcases.HomePageTest">
        <test-method status="PASS" signature="setup(java.lang.String, java.lang.String)[pri:0, instance:testcases.HomePageTest@6fb554cc]" name="setup" is-config="true" duration-ms="6426" started-at="2019-06-29T12:28:43Z" finished-at="2019-06-29T12:28:49Z">
          <params>
            <param index="0">
              <value>
                <![CDATA[IE]]>
              </value>
            </param>
            <param index="1">
              <value>
                <![CDATA[https://www.tnebnet.org/awp/login]]>
              </value>
            </param>
          </params>
          <reporter-output>
          </reporter-output>
        </test-method> <!-- setup -->
        <test-method status="PASS" signature="testSetup()[pri:0, instance:testcases.HomePageTest@6fb554cc]" name="testSetup" is-config="true" duration-ms="0" started-at="2019-06-29T12:28:49Z" finished-at="2019-06-29T12:28:49Z">
          <reporter-output>
          </reporter-output>
        </test-method> <!-- testSetup -->
        <test-method status="PASS" signature="verifylogintest()[pri:0, instance:testcases.HomePageTest@6fb554cc]" name="verifylogintest" duration-ms="10279" started-at="2019-06-29T12:28:49Z" finished-at="2019-06-29T12:28:59Z">
          <reporter-output>
          </reporter-output>
        </test-method> <!-- verifylogintest -->
        <test-method status="FAIL" signature="teardown()[pri:0, instance:testcases.HomePageTest@6fb554cc]" name="teardown" is-config="true" duration-ms="44" started-at="2019-06-29T12:28:59Z" finished-at="2019-06-29T12:28:59Z">
          <exception class="org.openqa.selenium.NoSuchWindowException">
            <message>
              <![CDATA[Unable to get browser
Build info: version: '3.141.59', revision: 'e82be7d358', time: '2018-11-14T08:17:03'
System info: host: 'SAMHITHA_PC', ip: '172.20.10.7', os.name: 'Windows 10', os.arch: 'amd64', os.version: '10.0', java.version: '1.8.0_211'
Driver info: org.openqa.selenium.ie.InternetExplorerDriver
Capabilities {acceptInsecureCerts: false, browserName: internet explorer, browserVersion: 11, javascriptEnabled: true, pageLoadStrategy: normal, platform: WINDOWS, platformName: WINDOWS, proxy: Proxy(), se:ieOptions: {browserAttachTimeout: 0, elementScrollBehavior: 0, enablePersistentHover: true, ie.browserCommandLineSwitches: , ie.ensureCleanSession: false, ie.fileUploadDialogTimeout: 3000, ie.forceCreateProcessApi: false, ignoreProtectedModeSettings: false, ignoreZoomSetting: false, initialBrowserUrl: http://localhost:40345/, nativeEvents: true, requireWindowFocus: false}, setWindowRect: true, timeouts: {implicit: 0, pageLoad: 300000, script: 30000}}
Session ID: 15db8f04-ec6a-4db8-aabb-72936c90362d]]>
            </message>
            <full-stacktrace>
              <![CDATA[org.openqa.selenium.NoSuchWindowException: Unable to get browser
Build info: version: '3.141.59', revision: 'e82be7d358', time: '2018-11-14T08:17:03'
System info: host: 'SAMHITHA_PC', ip: '172.20.10.7', os.name: 'Windows 10', os.arch: 'amd64', os.version: '10.0', java.version: '1.8.0_211'
Driver info: org.openqa.selenium.ie.InternetExplorerDriver
Capabilities {acceptInsecureCerts: false, browserName: internet explorer, browserVersion: 11, javascriptEnabled: true, pageLoadStrategy: normal, platform: WINDOWS, platformName: WINDOWS, proxy: Proxy(), se:ieOptions: {browserAttachTimeout: 0, elementScrollBehavior: 0, enablePersistentHover: true, ie.browserCommandLineSwitches: , ie.ensureCleanSession: false, ie.fileUploadDialogTimeout: 3000, ie.forceCreateProcessApi: false, ignoreProtectedModeSettings: false, ignoreZoomSetting: false, initialBrowserUrl: http://localhost:40345/, nativeEvents: true, requireWindowFocus: false}, setWindowRect: true, timeouts: {implicit: 0, pageLoad: 300000, script: 30000}}
Session ID: 15db8f04-ec6a-4db8-aabb-72936c90362d
at sun.reflect.NativeConstructorAccessorImpl.newInstance0(Native Method)
at sun.reflect.NativeConstructorAccessorImpl.newInstance(NativeConstructorAccessorImpl.java:62)
at sun.reflect.DelegatingConstructorAccessorImpl.newInstance(DelegatingConstructorAccessorImpl.java:45)
at java.lang.reflect.Constructor.newInstance(Constructor.java:423)
at org.openqa.selenium.remote.http.W3CHttpResponseCodec.createException(W3CHttpResponseCodec.java:187)
at org.openqa.selenium.remote.http.W3CHttpResponseCodec.decode(W3CHttpResponseCodec.java:122)
at org.openqa.selenium.remote.http.W3CHttpResponseCodec.decode(W3CHttpResponseCodec.java:49)
at org.openqa.selenium.remote.HttpCommandExecutor.execute(HttpCommandExecutor.java:158)
at org.openqa.selenium.remote.service.DriverCommandExecutor.execute(DriverCommandExecutor.java:83)
at org.openqa.selenium.remote.RemoteWebDriver.execute(RemoteWebDriver.java:552)
at org.openqa.selenium.remote.RemoteWebDriver.execute(RemoteWebDriver.java:609)
at org.openqa.selenium.remote.RemoteWebDriver.close(RemoteWebDriver.java:442)
at setup.BasePage.teardown(BasePage.java:67)
at sun.reflect.NativeMethodAccessorImpl.invoke0(Native Method)
at sun.reflect.NativeMethodAccessorImpl.invoke(NativeMethodAccessorImpl.java:62)
at sun.reflect.DelegatingMethodAccessorImpl.invoke(DelegatingMethodAccessorImpl.java:43)
at java.lang.reflect.Method.invoke(Method.java:498)
at org.testng.internal.MethodInvocationHelper.invokeMethod(MethodInvocationHelper.java:124)
at org.testng.internal.MethodInvocationHelper.invokeMethodConsideringTimeout(MethodInvocationHelper.java:59)
at org.testng.internal.Invoker.invokeConfigurationMethod(Invoker.java:458)
at org.testng.internal.Invoker.invokeConfigurations(Invoker.java:222)
at org.testng.internal.Invoker.invokeConfigurations(Invoker.java:142)
at org.testng.internal.TestMethodWorker.invokeAfterClassMethods(TestMethodWorker.java:214)
at org.testng.internal.TestMethodWorker.run(TestMethodWorker.java:111)
at org.testng.TestRunner.privateRun(TestRunner.java:648)
at org.testng.TestRunner.run(TestRunner.java:505)
at org.testng.SuiteRunner.runTest(SuiteRunner.java:455)
at org.testng.SuiteRunner.access$000(SuiteRunner.java:40)
at org.testng.SuiteRunner$SuiteWorker.run(SuiteRunner.java:489)
at org.testng.internal.thread.ThreadUtil$1.call(ThreadUtil.java:52)
at java.util.concurrent.FutureTask.run(FutureTask.java:266)
at java.util.concurrent.ThreadPoolExecutor.runWorker(ThreadPoolExecutor.java:1149)
at java.util.concurrent.ThreadPoolExecutor$Worker.run(ThreadPoolExecutor.java:624)
at java.lang.Thread.run(Thread.java:748)
]]>
            </full-stacktrace>
          </exception> <!-- org.openqa.selenium.NoSuchWindowException -->
          <reporter-output>
          </reporter-output>
        </test-method> <!-- teardown -->
      </class> <!-- testcases.HomePageTest -->
    </test> <!-- IETest -->
    <test name="ChromeTest" duration-ms="19716" started-at="2019-06-29T12:28:43Z" finished-at="2019-06-29T12:29:02Z">
      <class name="testcases.HomePageTest">
        <test-method status="PASS" signature="setup(java.lang.String, java.lang.String)[pri:0, instance:testcases.HomePageTest@2ef9b8bc]" name="setup" is-config="true" duration-ms="11673" started-at="2019-06-29T12:28:43Z" finished-at="2019-06-29T12:28:54Z">
          <params>
            <param index="0">
              <value>
                <![CDATA[Chrome]]>
              </value>
            </param>
            <param index="1">
              <value>
                <![CDATA[https://www.tnebnet.org/awp/login]]>
              </value>
            </param>
          </params>
          <reporter-output>
          </reporter-output>
        </test-method> <!-- setup -->
        <test-method status="PASS" signature="testSetup()[pri:0, instance:testcases.HomePageTest@2ef9b8bc]" name="testSetup" is-config="true" duration-ms="1" started-at="2019-06-29T12:28:54Z" finished-at="2019-06-29T12:28:54Z">
          <reporter-output>
          </reporter-output>
        </test-method> <!-- testSetup -->
        <test-method status="PASS" signature="verifylogintest()[pri:0, instance:testcases.HomePageTest@2ef9b8bc]" name="verifylogintest" duration-ms="4875" started-at="2019-06-29T12:28:54Z" finished-at="2019-06-29T12:28:59Z">
          <reporter-output>
          </reporter-output>
        </test-method> <!-- verifylogintest -->
        <test-method status="PASS" signature="teardown()[pri:0, instance:testcases.HomePageTest@2ef9b8bc]" name="teardown" is-config="true" duration-ms="3152" started-at="2019-06-29T12:28:59Z" finished-at="2019-06-29T12:29:02Z">
          <reporter-output>
          </reporter-output>
        </test-method> <!-- teardown -->
      </class> <!-- testcases.HomePageTest -->
    </test> <!-- ChromeTest -->
    <test name="FFTest" duration-ms="24333" started-at="2019-06-29T12:28:43Z" finished-at="2019-06-29T12:29:07Z">
      <class name="testcases.HomePageTest">
        <test-method status="PASS" signature="setup(java.lang.String, java.lang.String)[pri:0, instance:testcases.HomePageTest@6cd8737]" name="setup" is-config="true" duration-ms="16553" started-at="2019-06-29T12:28:43Z" finished-at="2019-06-29T12:28:59Z">
          <params>
            <param index="0">
              <value>
                <![CDATA[FF]]>
              </value>
            </param>
            <param index="1">
              <value>
                <![CDATA[https://www.tnebnet.org/awp/login]]>
              </value>
            </param>
          </params>
          <reporter-output>
          </reporter-output>
        </test-method> <!-- setup -->
        <test-method status="PASS" signature="testSetup()[pri:0, instance:testcases.HomePageTest@6cd8737]" name="testSetup" is-config="true" duration-ms="0" started-at="2019-06-29T12:28:59Z" finished-at="2019-06-29T12:28:59Z">
          <reporter-output>
          </reporter-output>
        </test-method> <!-- testSetup -->
        <test-method status="PASS" signature="verifylogintest()[pri:0, instance:testcases.HomePageTest@6cd8737]" name="verifylogintest" duration-ms="2850" started-at="2019-06-29T12:28:59Z" finished-at="2019-06-29T12:29:02Z">
          <reporter-output>
          </reporter-output>
        </test-method> <!-- verifylogintest -->
        <test-method status="PASS" signature="teardown()[pri:0, instance:testcases.HomePageTest@6cd8737]" name="teardown" is-config="true" duration-ms="4915" started-at="2019-06-29T12:29:02Z" finished-at="2019-06-29T12:29:07Z">
          <reporter-output>
          </reporter-output>
        </test-method> <!-- teardown -->
      </class> <!-- testcases.HomePageTest -->
    </test> <!-- FFTest -->
  </suite> <!-- Suite-Demo-PageObjectModel -->
</testng-results>
